[debug] [2021-01-27T09:26:35.500Z] ----------------------------------------------------------------------
[debug] [2021-01-27T09:26:35.508Z] Command:       C:\Program Files\nodejs\node.exe C:\Users\NQhu\AppData\Roaming\npm\node_modules\firebase-tools\lib\bin\firebase.js init hosting:github
[debug] [2021-01-27T09:26:35.510Z] CLI Version:   9.2.2
[debug] [2021-01-27T09:26:35.510Z] Platform:      win32
[debug] [2021-01-27T09:26:35.510Z] Node Version:  v15.3.0
[debug] [2021-01-27T09:26:35.515Z] Time:          Wed Jan 27 2021 11:26:35 GMT+0200 (South Africa Standard Time)
[debug] [2021-01-27T09:26:35.516Z] ----------------------------------------------------------------------
[debug] [2021-01-27T09:26:35.516Z] 
[debug] [2021-01-27T09:26:35.785Z] > command requires scopes: ["email","openid","https://www.googleapis.com/auth/cloudplatformprojects.readonly","https://www.googleapis.com/auth/firebase","https://www.googleapis.com/auth/cloud-platform"]
[debug] [2021-01-27T09:26:35.788Z] > authorizing via signed-in user
[info] 
     ######## #### ########  ######## ########     ###     ######  ########
     ##        ##  ##     ## ##       ##     ##  ##   ##  ##       ##
     ######    ##  ########  ######   ########  #########  ######  ######
     ##        ##  ##    ##  ##       ##     ## ##     ##       ## ##
     ##       #### ##     ## ######## ########  ##     ##  ######  ########

You're about to initialize a Firebase project in this directory:

  C:\Users\NQhu\Desktop\PROJECTS\UDEMY\React -The Complete Guide\burger-builder

Before we get started, keep in mind:

  * You are initializing in an existing Firebase project directory

[info] 
=== Project Setup
[info] 
[info] First, let's associate this project directory with a Firebase project.
[info] You can create multiple project aliases by running firebase use --add, 
[info] but for now we'll just set up a default project.
[info] 
[info] i  .firebaserc already has a default project, using burger-builder-8c5e4. 
[debug] [2021-01-27T09:26:36.509Z] > refreshing access token with scopes: []
[debug] [2021-01-27T09:26:36.511Z] >>> HTTP REQUEST POST https://www.googleapis.com/oauth2/v3/token  
 <request body omitted>
[debug] [2021-01-27T09:26:37.197Z] <<< HTTP RESPONSE 200 {"date":"Wed, 27 Jan 2021 09:26:36 GMT","expires":"Mon, 01 Jan 1990 00:00:00 GMT","cache-control":"no-cache, no-store, max-age=0, must-revalidate","pragma":"no-cache","content-type":"application/json; charset=utf-8","vary":"X-Origin, Referer, Origin,Accept-Encoding","server":"scaffolding on HTTPServer2","x-xss-protection":"0","x-frame-options":"SAMEORIGIN","x-content-type-options":"nosniff","alt-svc":"h3-29=\":443\"; ma=2592000,h3-T051=\":443\"; ma=2592000,h3-Q050=\":443\"; ma=2592000,h3-Q046=\":443\"; ma=2592000,h3-Q043=\":443\"; ma=2592000,quic=\":443\"; ma=2592000; v=\"46,43\"","accept-ranges":"none","transfer-encoding":"chunked"}
[debug] [2021-01-27T09:26:37.344Z] >>> [apiv2][query] GET https://firebase.googleapis.com/v1beta1/projects/burger-builder-8c5e4 [none]
[debug] [2021-01-27T09:26:38.250Z] <<< [apiv2][status] GET https://firebase.googleapis.com/v1beta1/projects/burger-builder-8c5e4 200
[debug] [2021-01-27T09:26:38.251Z] <<< [apiv2][body] GET https://firebase.googleapis.com/v1beta1/projects/burger-builder-8c5e4 {"projectId":"burger-builder-8c5e4","projectNumber":"399284016031","displayName":"burger-builder","name":"projects/burger-builder-8c5e4","resources":{"hostingSite":"burger-builder-8c5e4","realtimeDatabaseInstance":"burger-builder-8c5e4-default-rtdb"},"state":"ACTIVE"}
[info] 
=== Hosting:github Setup
[info] 
[info] i  Detected a .git folder at C:\Users\NQhu\Desktop\PROJECTS\UDEMY\React -The Complete Guide\burger-builder 
[info] i  Authorizing with GitHub to upload your service account to a GitHub repository's secrets store. 
[info] 
[info] Visit this URL on this device to log in:
[info] https://github.com/login/oauth/authorize?client_id=89cf50f02ac6aaed3484&state=1017708138&redirect_uri=http%3A%2F%2Flocalhost%3A9005&scope=read%3Auser%20repo%20public_repo
[info] 
[info] Waiting for authentication...
[debug] [2021-01-27T09:27:04.712Z] >>> HTTP REQUEST POST https://github.com/login/oauth/access_token  
 {"client_id":"89cf50f02ac6aaed3484","client_secret":"3330d14abc895d9a74d5f17cd7a00711fa2c5bf0","code":"d65fb36be5d6e7123337","redirect_uri":"http://localhost:9005","state":"1017708138"}
[debug] [2021-01-27T09:27:05.793Z] <<< HTTP RESPONSE 200 {"date":"Wed, 27 Jan 2021 09:27:04 GMT","content-type":"application/json; charset=utf-8","transfer-encoding":"chunked","server":"GitHub.com","status":"200 OK","vary":"X-PJAX, Accept-Encoding, Accept, X-Requested-With, Accept-Encoding","etag":"W/\"478b92d893ba19f89503e7a92ad5e022\"","cache-control":"max-age=0, private, must-revalidate","strict-transport-security":"max-age=31536000; includeSubdomains; preload","x-frame-options":"deny","x-content-type-options":"nosniff","x-xss-protection":"1; mode=block","referrer-policy":"origin-when-cross-origin, strict-origin-when-cross-origin","expect-ct":"max-age=2592000, report-uri=\"https://api.github.com/_private/browser/errors\"","content-security-policy":"default-src 'none'; base-uri 'self'; block-all-mixed-content; connect-src 'self' uploads.github.com www.githubstatus.com collector.githubapp.com api.github.com github-cloud.s3.amazonaws.com github-production-repository-file-5c1aeb.s3.amazonaws.com github-production-upload-manifest-file-7fdce7.s3.amazonaws.com github-production-user-asset-6210df.s3.amazonaws.com cdn.optimizely.com logx.optimizely.com/v1/events wss://alive.github.com; font-src github.githubassets.com; form-action 'self' github.com gist.github.com; frame-ancestors 'none'; frame-src render.githubusercontent.com; img-src 'self' data: github.githubassets.com identicons.github.com collector.githubapp.com github-cloud.s3.amazonaws.com *.githubusercontent.com; manifest-src 'self'; media-src 'none'; script-src github.githubassets.com; style-src 'unsafe-inline' github.githubassets.com; worker-src github.com/socket-worker-5029ae85.js gist.github.com/socket-worker-5029ae85.js","x-github-request-id":"C81F:2323:B2CA33:E62201:601131E8"}
[debug] [2021-01-27T09:27:05.797Z] >>> [apiv2][query] GET https://api.github.com/user [none]
[debug] [2021-01-27T09:27:06.807Z] <<< [apiv2][status] GET https://api.github.com/user 200
[debug] [2021-01-27T09:27:06.807Z] <<< [apiv2][body] GET https://api.github.com/user {"login":"phelang","id":10847960,"node_id":"MDQ6VXNlcjEwODQ3OTYw","avatar_url":"https://avatars.githubusercontent.com/u/10847960?v=4","gravatar_id":"","url":"https://api.github.com/users/phelang","html_url":"https://github.com/phelang","followers_url":"https://api.github.com/users/phelang/followers","following_url":"https://api.github.com/users/phelang/following{/other_user}","gists_url":"https://api.github.com/users/phelang/gists{/gist_id}","starred_url":"https://api.github.com/users/phelang/starred{/owner}{/repo}","subscriptions_url":"https://api.github.com/users/phelang/subscriptions","organizations_url":"https://api.github.com/users/phelang/orgs","repos_url":"https://api.github.com/users/phelang/repos","events_url":"https://api.github.com/users/phelang/events{/privacy}","received_events_url":"https://api.github.com/users/phelang/received_events","type":"User","site_admin":false,"name":"Pelang Qhu","company":null,"blog":"","location":null,"email":null,"hireable":true,"bio":"Software Developer","twitter_username":null,"public_repos":11,"public_gists":0,"followers":1,"following":2,"created_at":"2015-02-04T11:53:42Z","updated_at":"2021-01-26T17:58:00Z","private_gists":0,"total_private_repos":0,"owned_private_repos":0,"disk_usage":103134,"collaborators":0,"two_factor_authentication":false,"plan":{"name":"free","space":976562499,"collaborators":0,"private_repos":10000}}
[info] 
[info] +  Success! Logged into GitHub as phelang 
[info] 
[debug] [2021-01-27T09:27:29.317Z] >>> [apiv2][query] GET https://api.github.com/repos/burger-builder/actions/secrets/public-key type=owner
[debug] [2021-01-27T09:27:30.028Z] <<< [apiv2][status] GET https://api.github.com/repos/burger-builder/actions/secrets/public-key 404
[debug] [2021-01-27T09:27:30.029Z] <<< [apiv2][body] GET https://api.github.com/repos/burger-builder/actions/secrets/public-key {"message":"Not Found","documentation_url":"https://docs.github.com/rest"}
